2020-04-25 10:16:29.163  INFO 8520 --- [restartedMain] com.zhangz.security.SecurityApplication  : Starting SecurityApplication on DESKTOP-7191UCD with PID 8520 (E:\IdeaProjects\security\target\classes started by zhangz in E:\IdeaProjects\security)
2020-04-25 10:16:29.214  INFO 8520 --- [restartedMain] com.zhangz.security.SecurityApplication  : No active profile set, falling back to default profiles: default
2020-04-25 10:16:29.405  INFO 8520 --- [restartedMain] .e.DevToolsPropertyDefaultsPostProcessor : Devtools property defaults active! Set 'spring.devtools.add-properties' to 'false' to disable
2020-04-25 10:16:29.406  INFO 8520 --- [restartedMain] .e.DevToolsPropertyDefaultsPostProcessor : For additional web related logging consider setting the 'logging.level.web' property to 'DEBUG'
2020-04-25 10:16:34.701  INFO 8520 --- [restartedMain] o.s.b.w.embedded.tomcat.TomcatWebServer  : Tomcat initialized with port(s): 8887 (http)
2020-04-25 10:16:34.739  INFO 8520 --- [restartedMain] o.apache.catalina.core.StandardService   : Starting service [Tomcat]
2020-04-25 10:16:34.739  INFO 8520 --- [restartedMain] org.apache.catalina.core.StandardEngine  : Starting Servlet engine: [Apache Tomcat/9.0.17]
2020-04-25 10:16:34.999  INFO 8520 --- [restartedMain] o.a.c.c.C.[Tomcat].[localhost].[/]       : Initializing Spring embedded WebApplicationContext
2020-04-25 10:16:34.999  INFO 8520 --- [restartedMain] o.s.web.context.ContextLoader            : Root WebApplicationContext: initialization completed in 5591 ms
2020-04-25 10:16:36.425  WARN 8520 --- [restartedMain] ConfigServletWebServerApplicationContext : Exception encountered during context initialization - cancelling refresh attempt: org.springframework.beans.factory.UnsatisfiedDependencyException: Error creating bean with name 'productController': Unsatisfied dependency expressed through field 'examedProductLisServicetImpl'; nested exception is org.springframework.beans.factory.NoSuchBeanDefinitionException: No qualifying bean of type 'com.zhangz.security.service.impl.ExamedProductLisServicetImpl' available: expected at least 1 bean which qualifies as autowire candidate. Dependency annotations: {@org.springframework.beans.factory.annotation.Autowired(required=true)}
2020-04-25 10:16:36.434  INFO 8520 --- [restartedMain] o.apache.catalina.core.StandardService   : Stopping service [Tomcat]
2020-04-25 10:16:36.454  INFO 8520 --- [restartedMain] ConditionEvaluationReportLoggingListener : 

Error starting ApplicationContext. To display the conditions report re-run your application with 'debug' enabled.
2020-04-25 10:16:36.862 ERROR 8520 --- [restartedMain] o.s.b.d.LoggingFailureAnalysisReporter   : 

***************************
APPLICATION FAILED TO START
***************************

Description:

Field examedProductLisServicetImpl in com.zhangz.security.controller.ProductController required a bean of type 'com.zhangz.security.service.impl.ExamedProductLisServicetImpl' that could not be found.

The injection point has the following annotations:
	- @org.springframework.beans.factory.annotation.Autowired(required=true)


Action:

Consider defining a bean of type 'com.zhangz.security.service.impl.ExamedProductLisServicetImpl' in your configuration.

2020-04-25 10:22:29.903  INFO 3228 --- [restartedMain] com.zhangz.security.SecurityApplication  : Starting SecurityApplication on DESKTOP-7191UCD with PID 3228 (E:\IdeaProjects\security\target\classes started by zhangz in E:\IdeaProjects\security)
2020-04-25 10:22:29.908  INFO 3228 --- [restartedMain] com.zhangz.security.SecurityApplication  : No active profile set, falling back to default profiles: default
2020-04-25 10:22:30.027  INFO 3228 --- [restartedMain] .e.DevToolsPropertyDefaultsPostProcessor : Devtools property defaults active! Set 'spring.devtools.add-properties' to 'false' to disable
2020-04-25 10:22:30.027  INFO 3228 --- [restartedMain] .e.DevToolsPropertyDefaultsPostProcessor : For additional web related logging consider setting the 'logging.level.web' property to 'DEBUG'
2020-04-25 10:22:33.732  INFO 3228 --- [restartedMain] o.s.b.w.embedded.tomcat.TomcatWebServer  : Tomcat initialized with port(s): 8887 (http)
2020-04-25 10:22:33.780  INFO 3228 --- [restartedMain] o.apache.catalina.core.StandardService   : Starting service [Tomcat]
2020-04-25 10:22:33.781  INFO 3228 --- [restartedMain] org.apache.catalina.core.StandardEngine  : Starting Servlet engine: [Apache Tomcat/9.0.17]
2020-04-25 10:22:34.084  INFO 3228 --- [restartedMain] o.a.c.c.C.[Tomcat].[localhost].[/]       : Initializing Spring embedded WebApplicationContext
2020-04-25 10:22:34.085  INFO 3228 --- [restartedMain] o.s.web.context.ContextLoader            : Root WebApplicationContext: initialization completed in 4057 ms
2020-04-25 10:22:35.760  INFO 3228 --- [restartedMain] o.s.s.concurrent.ThreadPoolTaskExecutor  : Initializing ExecutorService 'applicationTaskExecutor'
2020-04-25 10:22:36.176  INFO 3228 --- [restartedMain] o.s.b.a.w.s.WelcomePageHandlerMapping    : Adding welcome page template: index
2020-04-25 10:22:36.374  INFO 3228 --- [restartedMain] o.s.s.c.ThreadPoolTaskScheduler          : Initializing ExecutorService 'taskScheduler'
2020-04-25 10:22:37.159  INFO 3228 --- [restartedMain] o.s.b.d.a.OptionalLiveReloadServer       : LiveReload server is running on port 35729
2020-04-25 10:22:37.319  INFO 3228 --- [restartedMain] o.s.b.w.embedded.tomcat.TomcatWebServer  : Tomcat started on port(s): 8887 (http) with context path ''
2020-04-25 10:22:37.326  INFO 3228 --- [restartedMain] com.zhangz.security.SecurityApplication  : Started SecurityApplication in 8.414 seconds (JVM running for 13.2)
2020-04-25 10:23:03.313  INFO 3228 --- [http-nio-8887-exec-1] o.a.c.c.C.[Tomcat].[localhost].[/]       : Initializing Spring DispatcherServlet 'dispatcherServlet'
2020-04-25 10:23:03.315  INFO 3228 --- [http-nio-8887-exec-1] o.s.web.servlet.DispatcherServlet        : Initializing Servlet 'dispatcherServlet'
2020-04-25 10:23:03.331  INFO 3228 --- [http-nio-8887-exec-1] o.s.web.servlet.DispatcherServlet        : Completed initialization in 16 ms
2020-04-25 10:23:03.666  INFO 3228 --- [http-nio-8887-exec-1] com.zaxxer.hikari.HikariDataSource       : HikariPool-1 - Starting...
2020-04-25 10:23:04.119  INFO 3228 --- [http-nio-8887-exec-1] com.zaxxer.hikari.HikariDataSource       : HikariPool-1 - Start completed.
2020-04-25 10:28:31.341  INFO 6620 --- [restartedMain] com.zhangz.security.SecurityApplication  : Starting SecurityApplication on DESKTOP-7191UCD with PID 6620 (E:\IdeaProjects\security\target\classes started by zhangz in E:\IdeaProjects\security)
2020-04-25 10:28:31.348  INFO 6620 --- [restartedMain] com.zhangz.security.SecurityApplication  : No active profile set, falling back to default profiles: default
2020-04-25 10:28:31.462  INFO 6620 --- [restartedMain] .e.DevToolsPropertyDefaultsPostProcessor : Devtools property defaults active! Set 'spring.devtools.add-properties' to 'false' to disable
2020-04-25 10:28:31.463  INFO 6620 --- [restartedMain] .e.DevToolsPropertyDefaultsPostProcessor : For additional web related logging consider setting the 'logging.level.web' property to 'DEBUG'
2020-04-25 10:28:36.462  INFO 6620 --- [restartedMain] o.s.b.w.embedded.tomcat.TomcatWebServer  : Tomcat initialized with port(s): 8887 (http)
2020-04-25 10:28:36.521  INFO 6620 --- [restartedMain] o.apache.catalina.core.StandardService   : Starting service [Tomcat]
2020-04-25 10:28:36.522  INFO 6620 --- [restartedMain] org.apache.catalina.core.StandardEngine  : Starting Servlet engine: [Apache Tomcat/9.0.17]
2020-04-25 10:28:36.961  INFO 6620 --- [restartedMain] o.a.c.c.C.[Tomcat].[localhost].[/]       : Initializing Spring embedded WebApplicationContext
2020-04-25 10:28:36.968  INFO 6620 --- [restartedMain] o.s.web.context.ContextLoader            : Root WebApplicationContext: initialization completed in 5500 ms
2020-04-25 10:28:39.008  INFO 6620 --- [restartedMain] o.s.s.concurrent.ThreadPoolTaskExecutor  : Initializing ExecutorService 'applicationTaskExecutor'
2020-04-25 10:28:39.441  INFO 6620 --- [restartedMain] o.s.b.a.w.s.WelcomePageHandlerMapping    : Adding welcome page template: index
2020-04-25 10:28:39.718  INFO 6620 --- [restartedMain] o.s.s.c.ThreadPoolTaskScheduler          : Initializing ExecutorService 'taskScheduler'
2020-04-25 10:28:40.652  INFO 6620 --- [restartedMain] o.s.b.d.a.OptionalLiveReloadServer       : LiveReload server is running on port 35729
2020-04-25 10:28:40.791  INFO 6620 --- [restartedMain] o.s.b.w.embedded.tomcat.TomcatWebServer  : Tomcat started on port(s): 8887 (http) with context path ''
2020-04-25 10:28:40.797  INFO 6620 --- [restartedMain] com.zhangz.security.SecurityApplication  : Started SecurityApplication in 10.532 seconds (JVM running for 16.524)
2020-04-25 10:28:44.522  INFO 6620 --- [http-nio-8887-exec-1] o.a.c.c.C.[Tomcat].[localhost].[/]       : Initializing Spring DispatcherServlet 'dispatcherServlet'
2020-04-25 10:28:44.522  INFO 6620 --- [http-nio-8887-exec-1] o.s.web.servlet.DispatcherServlet        : Initializing Servlet 'dispatcherServlet'
2020-04-25 10:28:44.545  INFO 6620 --- [http-nio-8887-exec-1] o.s.web.servlet.DispatcherServlet        : Completed initialization in 22 ms
2020-04-25 10:28:44.755  INFO 6620 --- [http-nio-8887-exec-1] com.zaxxer.hikari.HikariDataSource       : HikariPool-1 - Starting...
2020-04-25 10:28:45.319  INFO 6620 --- [http-nio-8887-exec-1] com.zaxxer.hikari.HikariDataSource       : HikariPool-1 - Start completed.
